[2017-07-28 16:25:36,670] [DEBUG] Using adapter 'gevent' to run bottle
[2017-07-28 16:25:36,670] [DEBUG] Using port '2333' to run bottle
[2017-07-28 16:25:36,671] [DEBUG] authentication_key is T6o5DpLg4QB3ASD
[2017-07-28 16:27:37,106] [DEBUG] Using adapter 'gevent' to run bottle
[2017-07-28 16:27:37,106] [DEBUG] Using port '2333' to run bottle
[2017-07-28 16:27:37,108] [DEBUG] authentication_key is 2c8A9KmHYgJRtBM
[2017-07-28 16:27:46,546] [DEBUG] Using adapter 'gevent' to run bottle
[2017-07-28 16:27:46,546] [DEBUG] Using port '2333' to run bottle
[2017-07-28 16:27:46,547] [DEBUG] authentication_key is Mfq43k28XknwaWT
[2017-07-28 16:33:05,950] [DEBUG] Using adapter 'gevent' to run bottle
[2017-07-28 16:33:05,950] [DEBUG] Using port '2333' to run bottle
[2017-07-28 16:33:05,951] [DEBUG] authentication_key is 9dTXPcAJclmU83u
[2017-07-28 16:33:11,610] [DEBUG] Using adapter 'gevent' to run bottle
[2017-07-28 16:33:11,610] [DEBUG] Using port '2333' to run bottle
[2017-07-28 16:33:11,611] [DEBUG] authentication_key is Dg35nlODbpTBQeS
[2017-07-28 16:33:55,085] [DEBUG] Using adapter 'gevent' to run bottle
[2017-07-28 16:33:55,085] [DEBUG] Using port '2333' to run bottle
[2017-07-28 16:33:55,086] [DEBUG] authentication_key is B2kzuUBXbZIF6w6
[2017-07-28 16:34:23,519] [DEBUG] Using adapter 'gevent' to run bottle
[2017-07-28 16:34:23,519] [DEBUG] Using port '2333' to run bottle
[2017-07-28 16:34:23,520] [DEBUG] authentication_key is FOfF9RpZgEXcqpG
[2017-07-28 16:38:47,874] [ERROR] refresh只能设置为True或者False
[2017-07-28 16:38:47,875] [INFO] 查看帮组:python xssforkapi.py -h
[2017-07-28 16:38:53,861] [DEBUG] Using adapter 'gevent' to run bottle
[2017-07-28 16:38:53,861] [DEBUG] Using port '2333' to run bottle
[2017-07-28 16:38:53,863] [DEBUG] authentication_key is I6ivnlzxxSYFAZw
[2017-07-28 16:39:02,718] [ERROR] refresh只能设置为True或者False
[2017-07-28 16:39:02,719] [INFO] 查看帮组:python xssforkapi.py -h
[2017-07-28 16:39:04,817] [DEBUG] Using adapter 'gevent' to run bottle
[2017-07-28 16:39:04,817] [DEBUG] Using port '2333' to run bottle
[2017-07-28 16:39:04,817] [DEBUG] authentication_key is I6ivnlzxxSYFAZw
[2017-07-28 16:39:04,824] [ERROR] 端口[2333]早已被占用,请检查
[2017-07-28 16:39:09,396] [DEBUG] Using adapter 'gevent' to run bottle
[2017-07-28 16:39:09,396] [DEBUG] Using port '2333' to run bottle
[2017-07-28 16:39:09,396] [DEBUG] authentication_key is I6ivnlzxxSYFAZw
[2017-07-28 16:39:09,402] [ERROR] 端口[2333]早已被占用,请检查
[2017-07-28 16:39:13,156] [DEBUG] Using adapter 'gevent' to run bottle
[2017-07-28 16:39:13,156] [DEBUG] Using port '2333' to run bottle
[2017-07-28 16:39:13,157] [DEBUG] authentication_key is I6ivnlzxxSYFAZw
[2017-07-28 16:39:13,162] [ERROR] 端口[2333]早已被占用,请检查
[2017-07-28 16:40:08,954] [DEBUG] Using adapter 'gevent' to run bottle
[2017-07-28 16:40:08,954] [DEBUG] Using port '2333' to run bottle
[2017-07-28 16:40:08,954] [DEBUG] authentication_key is I6ivnlzxxSYFAZw
[2017-07-28 16:40:12,552] [DEBUG] Using adapter 'gevent' to run bottle
[2017-07-28 16:40:12,552] [DEBUG] Using port '2333' to run bottle
[2017-07-28 16:40:12,553] [DEBUG] authentication_key is I6ivnlzxxSYFAZw
[2017-07-28 16:40:15,756] [DEBUG] Using adapter 'gevent' to run bottle
[2017-07-28 16:40:15,757] [DEBUG] Using port '2333' to run bottle
[2017-07-28 16:40:15,757] [DEBUG] authentication_key is I6ivnlzxxSYFAZw
[2017-07-28 16:40:21,076] [DEBUG] Using adapter 'gevent' to run bottle
[2017-07-28 16:40:21,076] [DEBUG] Using port '2333' to run bottle
[2017-07-28 16:40:21,078] [DEBUG] authentication_key is tM0Xnl0qD6nsHku
[2017-07-28 16:40:26,973] [DEBUG] Using adapter 'gevent' to run bottle
[2017-07-28 16:40:26,973] [DEBUG] Using port '2333' to run bottle
[2017-07-28 16:40:26,973] [DEBUG] authentication_key is tM0Xnl0qD6nsHku
[2017-07-28 16:42:16,377] [DEBUG] Using adapter 'gevent' to run bottle
[2017-07-28 16:42:16,377] [DEBUG] Using port '2333' to run bottle
[2017-07-28 16:42:16,379] [DEBUG] authentication_key is tM0Xnl0qD6nsHku
[2017-07-28 16:42:50,485] [INFO] task ID 24 isn't existed
[2017-07-28 16:42:50,491] [INFO] task ID [24] Retrieved scan data and error messages
[2017-07-28 16:43:24,553] [INFO] task ID 1 provided to scan_start()
[2017-07-28 16:43:24,568] [INFO] task ID 1 will start scan
[2017-07-28 16:43:24,725] [DEBUG] checking if url is available
[2017-07-28 16:43:29,740] [ERROR] url connection fail, please check your input 
[2017-07-28 16:44:02,237] [INFO] task ID 24 isn't existed
[2017-07-28 16:44:02,242] [INFO] task ID [24] Retrieved scan data and error messages
[2017-07-28 16:44:10,645] [INFO] task ID 1 has been done
[2017-07-28 16:44:10,649] [INFO] task ID [1] Retrieved scan data and error messages
[2017-07-28 16:44:22,242] [INFO] task ID 1 has been done
[2017-07-28 16:44:22,245] [INFO] task ID [1] Retrieved scan data and error messages
[2017-07-28 16:44:26,593] [INFO] task ID 1 has been done
[2017-07-28 16:44:26,597] [INFO] task ID [1] Retrieved scan data and error messages
[2017-07-28 16:46:45,708] [INFO] task ID 2 provided to scan_start()
[2017-07-28 16:46:45,719] [INFO] task ID 2 will start scan
[2017-07-28 16:46:45,932] [DEBUG] checking if url is available
[2017-07-28 16:46:45,945] [INFO] url connection success 
[2017-07-28 16:46:45,945] [DEBUG] checking if destination is available
[2017-07-28 16:46:45,945] [INFO] destination connection success 
[2017-07-28 16:46:45,945] [INFO] loading default paloads
[2017-07-28 16:46:45,946] [INFO] loading default paloads success
[2017-07-28 16:46:45,947] [INFO] 541 payloads loaded
[2017-07-28 16:47:04,547] [INFO] task ID 2 has is working
[2017-07-28 16:47:04,561] [INFO] task ID [2] Retrieved scan data and error messages
[2017-07-28 16:47:09,637] [INFO] task ID 2 has is working
[2017-07-28 16:47:09,642] [INFO] task ID [2] Retrieved scan data and error messages
[2017-07-28 16:47:24,880] [CRITICAL] [!] xssfork find XSS Vulnerability
[2017-07-28 16:47:28,211] [INFO] task ID 2 has been done
[2017-07-28 16:47:28,219] [INFO] task ID [2] Retrieved scan data and error messages
[2017-07-28 16:47:31,676] [INFO] task ID 2 has been done
[2017-07-28 16:47:31,680] [INFO] task ID [2] Retrieved scan data and error messages
[2017-07-28 16:48:13,500] [INFO] task ID 2 has been done
[2017-07-28 16:48:13,504] [INFO] task ID [2] Retrieved scan data and error messages
[2017-07-28 16:48:15,078] [INFO] task ID 2 has been done
[2017-07-28 16:48:15,084] [INFO] task ID [2] Retrieved scan data and error messages
[2017-07-28 16:48:52,313] [DEBUG] checking if url is available
[2017-07-28 16:48:52,325] [INFO] url connection success 
[2017-07-28 16:48:52,325] [DEBUG] checking if destination is available
[2017-07-28 16:48:52,325] [INFO] destination connection success 
[2017-07-28 16:48:52,326] [INFO] loading default paloads
[2017-07-28 16:48:52,329] [INFO] loading default paloads success
[2017-07-28 16:48:52,329] [INFO] 1527 payloads loaded
[2017-07-28 16:49:06,555] [CRITICAL] [!] xssfork find XSS Vulnerability
[2017-07-28 16:49:53,159] [DEBUG] Using adapter 'gevent' to run bottle
[2017-07-28 16:49:53,159] [DEBUG] Using port '2333' to run bottle
[2017-07-28 16:49:53,161] [DEBUG] authentication_key is tM0Xnl0qD6nsHku
[2017-07-28 16:49:55,768] [INFO] task ID 3 provided to scan_start()
[2017-07-28 16:49:55,780] [INFO] task ID 3 will start scan
[2017-07-28 16:49:55,943] [DEBUG] checking if url is available
[2017-07-28 16:49:55,955] [INFO] url connection success 
[2017-07-28 16:49:55,955] [DEBUG] checking if destination is available
[2017-07-28 16:49:55,955] [INFO] destination connection success 
[2017-07-28 16:49:55,955] [INFO] loading default paloads
[2017-07-28 16:49:55,956] [INFO] loading default paloads success
[2017-07-28 16:49:55,956] [INFO] 541 payloads loaded
[2017-07-28 16:50:09,150] [INFO] task ID 3 has is working
[2017-07-28 16:50:09,156] [INFO] task ID [3] Retrieved scan data and error messages
[2017-07-28 16:50:11,126] [INFO] task ID 3 has is working
[2017-07-28 16:50:11,132] [INFO] task ID [3] Retrieved scan data and error messages
[2017-07-28 16:50:12,206] [INFO] task ID 3 has is working
[2017-07-28 16:50:12,210] [INFO] task ID [3] Retrieved scan data and error messages
[2017-07-28 16:50:13,005] [CRITICAL] [!] xssfork find XSS Vulnerability
[2017-07-28 16:50:25,478] [INFO] task ID 3 has been done
[2017-07-28 16:50:25,483] [INFO] task ID [3] Retrieved scan data and error messages
[2017-07-28 16:50:26,718] [INFO] task ID 3 has been done
[2017-07-28 16:50:26,722] [INFO] task ID [3] Retrieved scan data and error messages
[2017-07-28 18:45:46,059] [INFO] task ID 4 provided to scan_start()
[2017-07-28 18:45:46,071] [INFO] task ID 4 will start scan
[2017-07-28 18:45:46,271] [DEBUG] checking if url is available
[2017-07-28 18:45:46,284] [INFO] url connection success 
[2017-07-28 18:45:46,284] [DEBUG] checking if destination is available
[2017-07-28 18:45:46,284] [INFO] destination connection success 
[2017-07-28 18:45:46,285] [INFO] loading default paloads
[2017-07-28 18:45:46,286] [INFO] loading default paloads success
[2017-07-28 18:45:46,286] [INFO] 541 payloads loaded
[2017-07-28 18:46:00,990] [INFO] task ID 4 has is working
[2017-07-28 18:46:00,997] [INFO] task ID [4] Retrieved scan data and error messages
[2017-07-28 18:46:03,419] [INFO] task ID 4 has is working
[2017-07-28 18:46:03,427] [INFO] task ID [4] Retrieved scan data and error messages
[2017-07-28 18:46:04,772] [INFO] task ID 4 has is working
[2017-07-28 18:46:04,782] [INFO] task ID [4] Retrieved scan data and error messages
[2017-07-28 18:46:06,789] [INFO] task ID 4 has is working
[2017-07-28 18:46:06,794] [INFO] task ID [4] Retrieved scan data and error messages
[2017-07-28 18:46:08,319] [INFO] task ID 4 has is working
[2017-07-28 18:46:08,327] [INFO] task ID [4] Retrieved scan data and error messages
[2017-07-28 18:46:09,825] [INFO] task ID 4 has is working
[2017-07-28 18:46:09,835] [INFO] task ID [4] Retrieved scan data and error messages
[2017-07-28 18:46:10,779] [INFO] task ID 4 has is working
[2017-07-28 18:46:10,785] [INFO] task ID [4] Retrieved scan data and error messages
[2017-07-28 18:46:13,835] [INFO] task ID 4 has is working
[2017-07-28 18:46:13,840] [INFO] task ID [4] Retrieved scan data and error messages
[2017-07-28 18:46:16,507] [INFO] task ID 4 has is working
[2017-07-28 18:46:16,515] [INFO] task ID [4] Retrieved scan data and error messages
[2017-07-28 18:46:17,612] [INFO] task ID 4 has is working
[2017-07-28 18:46:17,619] [INFO] task ID [4] Retrieved scan data and error messages
[2017-07-28 18:46:18,919] [INFO] task ID 4 has is working
[2017-07-28 18:46:18,929] [INFO] task ID [4] Retrieved scan data and error messages
[2017-07-28 18:46:19,987] [INFO] task ID 4 has is working
[2017-07-28 18:46:19,999] [INFO] task ID [4] Retrieved scan data and error messages
[2017-07-28 18:46:21,461] [INFO] task ID 4 has is working
[2017-07-28 18:46:21,467] [INFO] task ID [4] Retrieved scan data and error messages
[2017-07-28 18:46:23,319] [CRITICAL] [!] xssfork find XSS Vulnerability
[2017-07-28 18:46:49,939] [INFO] task ID 4 has been done
[2017-07-28 18:46:49,943] [INFO] task ID [4] Retrieved scan data and error messages
[2017-07-28 20:49:57,039] [DEBUG] Using adapter 'gevent' to run bottle
[2017-07-28 20:49:57,041] [DEBUG] Using port '2333' to run bottle
[2017-07-28 20:49:57,045] [DEBUG] authentication_key is tM0Xnl0qD6nsHku
[2017-07-28 20:51:02,703] [DEBUG] Using adapter 'gevent' to run bottle
[2017-07-28 20:51:02,703] [DEBUG] Using port '2333' to run bottle
[2017-07-28 20:51:02,705] [DEBUG] authentication_key is tM0Xnl0qD6nsHku
[2017-07-28 20:51:22,219] [DEBUG] Using adapter 'gevent' to run bottle
[2017-07-28 20:51:22,219] [DEBUG] Using port '2333' to run bottle
[2017-07-28 20:51:22,221] [DEBUG] authentication_key is tM0Xnl0qD6nsHku
[2017-07-28 20:52:12,609] [DEBUG] Using adapter 'gevent' to run bottle
[2017-07-28 20:52:12,609] [DEBUG] Using port 2333 to run bottle
[2017-07-28 20:52:12,610] [DEBUG] authentication_key is 'tM0Xnl0qD6nsHku'
[2017-07-28 20:55:14,481] [DEBUG] Using adapter 'gevent' to run bottle
[2017-07-28 20:55:14,481] [DEBUG] Using port 2333 to run bottle
[2017-07-28 20:55:14,484] [DEBUG] authentication_key is '7T2o22NcQSLGk75'
[2017-07-28 21:05:32,786] [INFO] task ID 1 provided to scan_start()
[2017-07-28 21:12:58,538] [INFO] task ID 1 will start scan
[2017-07-28 21:12:58,712] [DEBUG] checking if url is available
[2017-07-28 21:12:58,728] [INFO] url connection success 
[2017-07-28 21:12:58,729] [DEBUG] checking if destination is available
[2017-07-28 21:12:58,729] [INFO] destination connection success 
[2017-07-28 21:12:58,730] [INFO] loading default paloads
[2017-07-28 21:12:58,731] [INFO] loading default paloads success
[2017-07-28 21:12:58,731] [INFO] 541 payloads loaded
[2017-07-28 21:13:29,236] [CRITICAL] [!] xssfork find XSS Vulnerability
[2017-07-28 21:16:19,376] [INFO] task ID 1 has been done
[2017-07-28 21:23:23,848] [INFO] task ID [1] Retrieved scan data and error messages
[2017-07-28 21:41:58,919] [DEBUG] checking if url is available
[2017-07-28 21:41:58,935] [INFO] url connection success 
[2017-07-28 21:41:58,936] [DEBUG] checking if destination is available
[2017-07-28 21:41:58,936] [INFO] destination connection success 
[2017-07-28 21:41:58,936] [INFO] loading default paloads
[2017-07-28 21:41:58,938] [INFO] loading default paloads success
[2017-07-28 21:41:58,938] [INFO] 1527 payloads loaded
[2017-07-28 21:42:02,337] [CRITICAL] [!] xssfork find XSS Vulnerability
[2017-07-28 21:57:11,942] [DEBUG] checking if url is available
[2017-07-28 21:57:11,999] [INFO] url connection success 
[2017-07-28 21:57:12,000] [DEBUG] checking if destination is available
[2017-07-28 21:57:12,000] [INFO] destination connection success 
[2017-07-28 21:57:12,000] [INFO] loading default paloads
[2017-07-28 21:57:12,002] [INFO] loading default paloads success
[2017-07-28 21:57:12,002] [INFO] 1527 payloads loaded
[2017-07-28 21:57:16,272] [CRITICAL] [!] xssfork find XSS Vulnerability
[2017-07-28 21:57:22,233] [DEBUG] Using adapter 'gevent' to run bottle
[2017-07-28 21:57:22,233] [DEBUG] Using port 2333 to run bottle
[2017-07-28 21:57:22,235] [DEBUG] authentication_key is '7T2o22NcQSLGk75'
[2017-07-28 21:57:38,202] [INFO] task ID 2 provided to scan_start()
[2017-07-28 21:57:38,207] [INFO] task ID 2 isn't started
[2017-07-28 21:57:39,217] [INFO] task ID [2] Retrieved scan data and error messages
[2017-07-28 21:58:28,630] [INFO] task ID 3 provided to scan_start()
[2017-07-28 21:58:28,634] [INFO] task ID 3 isn't started
[2017-07-28 21:58:29,642] [INFO] task ID [3] Retrieved scan data and error messages
[2017-07-28 21:59:01,782] [INFO] task ID 4 provided to scan_start()
[2017-07-28 21:59:01,791] [INFO] task ID 4 will start scan
[2017-07-28 21:59:01,931] [DEBUG] checking if url is available
[2017-07-28 21:59:01,947] [INFO] url connection success 
[2017-07-28 21:59:01,947] [DEBUG] checking if destination is available
[2017-07-28 21:59:01,947] [INFO] destination connection success 
[2017-07-28 21:59:01,948] [INFO] loading default paloads
[2017-07-28 21:59:01,949] [INFO] loading default paloads success
[2017-07-28 21:59:01,949] [INFO] 541 payloads loaded
[2017-07-28 21:59:02,834] [INFO] task ID [4] Retrieved scan data and error messages
[2017-07-28 21:59:26,076] [WARNING] [!] xssfork can not find XSS Vulnerability
[2017-07-28 22:03:05,049] [DEBUG] Using adapter 'gevent' to run bottle
[2017-07-28 22:03:05,049] [DEBUG] Using port 2333 to run bottle
[2017-07-28 22:03:05,051] [DEBUG] authentication_key is '7T2o22NcQSLGk75'
[2017-07-28 22:03:09,415] [INFO] task ID 5 provided to scan_start()
[2017-07-28 22:03:09,425] [INFO] task ID 5 will start scan
[2017-07-28 22:03:09,560] [DEBUG] checking if url is available
[2017-07-28 22:03:09,574] [INFO] url connection success 
[2017-07-28 22:03:09,575] [DEBUG] checking if destination is available
[2017-07-28 22:03:09,575] [INFO] destination connection success 
[2017-07-28 22:03:09,575] [INFO] loading default paloads
[2017-07-28 22:03:09,576] [INFO] loading default paloads success
[2017-07-28 22:03:09,576] [INFO] 541 payloads loaded
[2017-07-28 22:03:10,433] [INFO] task ID 5 has is working
[2017-07-28 22:03:38,922] [CRITICAL] [!] xssfork find XSS Vulnerability
[2017-07-28 22:04:44,449] [INFO] task ID 6 provided to scan_start()
[2017-07-28 22:04:44,457] [INFO] task ID 6 will start scan
[2017-07-28 22:04:44,586] [DEBUG] checking if url is available
[2017-07-28 22:04:44,637] [INFO] url connection success 
[2017-07-28 22:04:44,637] [DEBUG] checking if destination is available
[2017-07-28 22:04:44,638] [INFO] destination connection success 
[2017-07-28 22:04:44,638] [INFO] loading default paloads
[2017-07-28 22:04:44,639] [INFO] loading default paloads success
[2017-07-28 22:04:44,639] [INFO] 541 payloads loaded
[2017-07-28 22:04:45,493] [INFO] task ID 6 has is working
[2017-07-28 22:04:45,498] [INFO] task ID 6 has is working
[2017-07-28 22:05:24,554] [CRITICAL] [!] xssfork find XSS Vulnerability
[2017-07-28 22:06:04,764] [INFO] task ID 7 provided to scan_start()
[2017-07-28 22:06:04,777] [INFO] task ID 7 will start scan
[2017-07-28 22:06:04,941] [DEBUG] checking if url is available
[2017-07-28 22:06:04,953] [INFO] url connection success 
[2017-07-28 22:06:04,953] [DEBUG] checking if destination is available
[2017-07-28 22:06:04,953] [INFO] destination connection success 
[2017-07-28 22:06:04,954] [INFO] loading default paloads
[2017-07-28 22:06:04,954] [INFO] loading default paloads success
[2017-07-28 22:06:04,955] [INFO] 541 payloads loaded
[2017-07-28 22:06:05,785] [INFO] task ID 7 has is working
[2017-07-28 22:06:39,828] [CRITICAL] [!] xssfork find XSS Vulnerability
[2017-07-28 22:06:45,240] [DEBUG] Using adapter 'gevent' to run bottle
[2017-07-28 22:06:45,241] [DEBUG] Using port 2333 to run bottle
[2017-07-28 22:06:45,247] [DEBUG] authentication_key is '7T2o22NcQSLGk75'
[2017-07-28 22:06:49,453] [INFO] task ID 8 provided to scan_start()
[2017-07-28 22:06:49,482] [INFO] task ID 8 will start scan
[2017-07-28 22:06:49,849] [DEBUG] checking if url is available
[2017-07-28 22:06:49,881] [INFO] url connection success 
[2017-07-28 22:06:49,881] [DEBUG] checking if destination is available
[2017-07-28 22:06:49,882] [INFO] destination connection success 
[2017-07-28 22:06:49,882] [INFO] loading default paloads
[2017-07-28 22:06:49,883] [INFO] loading default paloads success
[2017-07-28 22:06:49,883] [INFO] 541 payloads loaded
[2017-07-28 22:06:50,512] [INFO] task ID 8 has is working
[2017-07-28 22:06:51,520] [INFO] task ID 8 has is working
[2017-07-28 22:06:52,531] [INFO] task ID 8 has is working
[2017-07-28 22:06:53,546] [INFO] task ID 8 has is working
[2017-07-28 22:06:54,560] [INFO] task ID 8 has is working
[2017-07-28 22:06:55,570] [INFO] task ID 8 has is working
[2017-07-28 22:06:56,583] [INFO] task ID 8 has is working
[2017-07-28 22:06:57,591] [INFO] task ID 8 has is working
[2017-07-28 22:06:58,600] [INFO] task ID 8 has is working
[2017-07-28 22:06:59,609] [INFO] task ID 8 has is working
[2017-07-28 22:07:00,620] [INFO] task ID 8 has is working
[2017-07-28 22:07:01,629] [INFO] task ID 8 has is working
[2017-07-28 22:07:02,638] [INFO] task ID 8 has is working
[2017-07-28 22:07:03,648] [INFO] task ID 8 has is working
[2017-07-28 22:07:04,653] [INFO] task ID 8 has is working
[2017-07-28 22:07:05,660] [INFO] task ID 8 has is working
[2017-07-28 22:07:06,667] [INFO] task ID 8 has is working
[2017-07-28 22:07:07,676] [INFO] task ID 8 has is working
[2017-07-28 22:07:08,684] [INFO] task ID 8 has is working
[2017-07-28 22:07:09,692] [INFO] task ID 8 has is working
[2017-07-28 22:07:10,697] [INFO] task ID 8 has is working
[2017-07-28 22:07:11,706] [INFO] task ID 8 has is working
[2017-07-28 22:07:12,713] [INFO] task ID 8 has is working
[2017-07-28 22:07:13,724] [INFO] task ID 8 has is working
[2017-07-28 22:07:14,731] [INFO] task ID 8 has is working
[2017-07-28 22:07:15,741] [INFO] task ID 8 has is working
[2017-07-28 22:07:16,747] [INFO] task ID 8 has is working
[2017-07-28 22:07:17,756] [INFO] task ID 8 has is working
[2017-07-28 22:07:18,765] [INFO] task ID 8 has is working
[2017-07-28 22:07:19,773] [INFO] task ID 8 has is working
[2017-07-28 22:07:20,805] [INFO] task ID 8 has is working
[2017-07-28 22:07:21,814] [INFO] task ID 8 has is working
[2017-07-28 22:07:22,822] [INFO] task ID 8 has is working
[2017-07-28 22:07:23,830] [INFO] task ID 8 has is working
[2017-07-28 22:07:24,839] [INFO] task ID 8 has is working
[2017-07-28 22:07:25,848] [INFO] task ID 8 has is working
[2017-07-28 22:07:26,859] [INFO] task ID 8 has is working
[2017-07-28 22:07:27,864] [INFO] task ID 8 has is working
[2017-07-28 22:07:28,039] [CRITICAL] [!] xssfork find XSS Vulnerability
[2017-07-28 22:07:28,873] [INFO] task ID 8 has been done
[2017-07-28 22:07:28,877] [INFO] task ID [8] Retrieved scan data and error messages
[2017-07-28 22:08:01,405] [DEBUG] Using adapter 'gevent' to run bottle
[2017-07-28 22:08:01,405] [DEBUG] Using port 2333 to run bottle
[2017-07-28 22:08:01,407] [DEBUG] authentication_key is '7T2o22NcQSLGk75'
[2017-07-28 22:08:05,566] [INFO] task ID 9 provided to scan_start()
[2017-07-28 22:08:05,577] [INFO] task ID 9 will start scan
[2017-07-28 22:08:05,708] [DEBUG] checking if url is available
[2017-07-28 22:08:05,719] [INFO] url connection success 
[2017-07-28 22:08:05,719] [DEBUG] checking if destination is available
[2017-07-28 22:08:05,719] [INFO] destination connection success 
[2017-07-28 22:08:05,719] [INFO] loading default paloads
[2017-07-28 22:08:05,721] [INFO] loading default paloads success
[2017-07-28 22:08:05,722] [INFO] 541 payloads loaded
[2017-07-28 22:08:10,587] [INFO] task ID 9 has is working
[2017-07-28 22:08:15,594] [INFO] task ID 9 has is working
[2017-07-28 22:08:20,604] [INFO] task ID 9 has is working
[2017-07-28 22:08:25,613] [INFO] task ID 9 has is working
[2017-07-28 22:08:30,623] [INFO] task ID 9 has is working
[2017-07-28 22:08:34,165] [CRITICAL] [!] xssfork find XSS Vulnerability
[2017-07-28 22:08:35,632] [INFO] task ID 9 has been done
[2017-07-28 22:08:35,636] [INFO] task ID [9] Retrieved scan data and error messages
[2017-07-28 22:15:22,254] [DEBUG] Using adapter 'gevent' to run bottle
[2017-07-28 22:15:22,256] [DEBUG] Using port 2333 to run bottle
[2017-07-28 22:15:22,258] [DEBUG] authentication_key is '7T2o22NcQSLGk75'
[2017-07-28 22:16:26,161] [INFO] task ID 10 provided to scan_start()
[2017-07-28 22:16:26,170] [INFO] task ID 10 will start scan
[2017-07-28 22:16:26,307] [DEBUG] checking if url is available
[2017-07-28 22:16:31,179] [INFO] task ID 10 has is working
[2017-07-28 22:16:31,328] [ERROR] url connection fail, please check your input 
[2017-07-28 22:16:36,189] [INFO] task ID 10 has been done
[2017-07-28 22:16:36,193] [INFO] task ID [10] Retrieved scan data and error messages
[2017-07-28 22:17:32,062] [DEBUG] Using adapter 'gevent' to run bottle
[2017-07-28 22:17:32,062] [DEBUG] Using port 2333 to run bottle
[2017-07-28 22:17:32,063] [DEBUG] authentication_key is '7T2o22NcQSLGk75'
[2017-07-28 22:17:34,476] [INFO] task ID 11 provided to scan_start()
[2017-07-28 22:17:34,487] [INFO] task ID 11 will start scan
[2017-07-28 22:17:34,635] [DEBUG] checking if url is available
[2017-07-28 22:17:35,121] [INFO] url connection success 
[2017-07-28 22:17:35,121] [DEBUG] checking if destination is available
[2017-07-28 22:17:35,122] [INFO] destination connection success 
[2017-07-28 22:17:35,122] [INFO] loading default paloads
[2017-07-28 22:17:35,122] [INFO] loading default paloads success
[2017-07-28 22:17:35,123] [INFO] 541 payloads loaded
[2017-07-28 22:17:39,495] [INFO] task ID 11 has is working
[2017-07-28 22:17:44,505] [INFO] task ID 11 has is working
[2017-07-28 22:17:49,512] [INFO] task ID 11 has is working
[2017-07-28 22:17:54,519] [INFO] task ID 11 has is working
[2017-07-28 22:17:59,527] [INFO] task ID 11 has is working
[2017-07-28 22:18:02,370] [CRITICAL] [!] xssfork find XSS Vulnerability
[2017-07-28 22:18:04,537] [INFO] task ID 11 has been done
[2017-07-28 22:18:04,541] [INFO] task ID [11] Retrieved scan data and error messages
[2017-07-28 22:46:27,680] [DEBUG] checking if url is available
[2017-07-28 22:46:27,694] [INFO] url connection success 
[2017-07-28 22:46:27,694] [DEBUG] checking if destination is available
[2017-07-28 22:46:27,694] [INFO] destination connection success 
[2017-07-28 22:46:27,695] [INFO] loading default paloads
[2017-07-28 22:46:27,696] [INFO] loading default paloads success
[2017-07-28 22:46:27,697] [INFO] 1527 payloads loaded
[2017-07-28 22:46:31,772] [CRITICAL] [!] xssfork find XSS Vulnerability
[2017-07-28 22:46:35,776] [DEBUG] checking if url is available
[2017-07-28 22:46:35,788] [INFO] url connection success 
[2017-07-28 22:46:35,788] [DEBUG] checking if destination is available
[2017-07-28 22:46:35,789] [INFO] destination connection success 
[2017-07-28 22:46:35,789] [INFO] loading default paloads
[2017-07-28 22:46:35,792] [INFO] loading default paloads success
[2017-07-28 22:46:35,792] [INFO] 1527 payloads loaded
[2017-07-28 22:46:38,601] [CRITICAL] [!] xssfork find XSS Vulnerability
[2017-07-28 22:48:26,608] [DEBUG] Using adapter 'gevent' to run bottle
[2017-07-28 22:48:26,608] [DEBUG] Using port 2333 to run bottle
[2017-07-28 22:48:26,609] [DEBUG] authentication_key is '7T2o22NcQSLGk75'
[2017-07-28 22:48:34,355] [DEBUG] Using adapter 'gevent' to run bottle
[2017-07-28 22:48:34,355] [DEBUG] Using port 2333 to run bottle
[2017-07-28 22:48:34,357] [DEBUG] authentication_key is '7T2o22NcQSLGk75'
[2017-07-28 22:49:14,947] [INFO] task ID 12 provided to scan_start()
[2017-07-28 22:49:14,957] [INFO] task ID 12 will start scan
[2017-07-28 22:49:15,116] [DEBUG] checking if url is available
[2017-07-28 22:49:19,967] [INFO] task ID 12 has is working
[2017-07-28 22:49:20,132] [ERROR] url connection fail, please check your input 
[2017-07-28 22:49:24,978] [INFO] task ID 12 has been done
[2017-07-28 22:49:24,981] [INFO] task ID [12] Retrieved scan data and error messages
[2017-07-28 22:51:33,499] [DEBUG] checking if url is available
[2017-07-28 22:51:33,511] [INFO] url connection success 
[2017-07-28 22:51:33,511] [DEBUG] checking if destination is available
[2017-07-28 22:51:33,511] [INFO] destination connection success 
[2017-07-28 22:51:33,512] [INFO] loading default paloads
[2017-07-28 22:51:33,514] [INFO] loading default paloads success
[2017-07-28 22:51:33,514] [INFO] 1527 payloads loaded
[2017-07-28 22:51:37,403] [CRITICAL] [!] xssfork find XSS Vulnerability
[2017-07-28 22:51:49,290] [DEBUG] checking if url is available
[2017-07-28 22:51:49,302] [INFO] url connection success 
[2017-07-28 22:51:49,303] [DEBUG] checking if destination is available
[2017-07-28 22:51:49,303] [INFO] destination connection success 
[2017-07-28 22:51:49,303] [INFO] loading default paloads
[2017-07-28 22:51:49,305] [INFO] loading default paloads success
[2017-07-28 22:51:49,305] [INFO] 1527 payloads loaded
[2017-07-28 22:51:49,850] [WARNING] [!] xssfork can not find XSS Vulnerability
[2017-07-28 22:51:52,698] [DEBUG] checking if url is available
[2017-07-28 22:51:52,709] [INFO] url connection success 
[2017-07-28 22:51:52,709] [DEBUG] checking if destination is available
[2017-07-28 22:51:52,710] [INFO] destination connection success 
[2017-07-28 22:51:52,710] [INFO] loading default paloads
[2017-07-28 22:51:52,712] [INFO] loading default paloads success
[2017-07-28 22:51:52,712] [INFO] 1527 payloads loaded
[2017-07-28 22:51:55,700] [CRITICAL] [!] xssfork find XSS Vulnerability
[2017-07-28 22:52:09,696] [DEBUG] checking if url is available
[2017-07-28 22:52:09,707] [INFO] url connection success 
[2017-07-28 22:52:09,708] [DEBUG] checking if destination is available
[2017-07-28 22:52:09,708] [INFO] destination connection success 
[2017-07-28 22:52:09,708] [INFO] loading default paloads
[2017-07-28 22:52:09,710] [INFO] loading default paloads success
[2017-07-28 22:52:09,710] [INFO] 1527 payloads loaded
[2017-07-28 22:52:13,959] [CRITICAL] [!] xssfork find XSS Vulnerability
[2017-07-28 22:52:32,429] [ERROR] 错误原因1:url，readfile至少设置一个
[2017-07-28 22:52:32,429] [ERROR] 错误原因2:url，readfile不能同时设置
[2017-07-28 22:52:32,430] [INFO] 查看帮组:python xssfork.py -h
[2017-07-28 22:52:36,274] [ERROR] 错误原因1:url，readfile至少设置一个
[2017-07-28 22:52:36,274] [ERROR] 错误原因2:url，readfile不能同时设置
[2017-07-28 22:52:36,274] [INFO] 查看帮组:python xssfork.py -h
[2017-07-28 22:52:50,342] [DEBUG] 总共有4个编码脚本
[2017-07-28 22:52:50,342] [DEBUG] [0]10hex_encode
[2017-07-28 22:52:50,342] [DEBUG] [1]16hex_encode
[2017-07-28 22:52:50,342] [DEBUG] [2]addkeywords
[2017-07-28 22:52:50,343] [DEBUG] [3]uppercase
[2017-07-28 22:53:29,517] [DEBUG] checking if url is available
[2017-07-28 22:53:29,529] [INFO] url connection success 
[2017-07-28 22:53:29,529] [DEBUG] checking if destination is available
[2017-07-28 22:53:29,529] [INFO] destination connection success 
[2017-07-28 22:53:29,529] [INFO] loading default paloads
[2017-07-28 22:53:29,531] [INFO] loading default paloads success
[2017-07-28 22:53:29,531] [INFO] 1527 payloads loaded
[2017-07-28 22:53:34,048] [CRITICAL] [!] xssfork find XSS Vulnerability
[2017-07-28 22:54:57,694] [DEBUG] Using adapter 'gevent' to run bottle
[2017-07-28 22:54:57,695] [DEBUG] Using port 2333 to run bottle
[2017-07-28 22:54:57,695] [DEBUG] authentication_key is '7T2o22NcQSLGk75'
[2017-07-28 22:55:07,371] [INFO] task ID 13 provided to scan_start()
[2017-07-28 22:55:07,383] [INFO] task ID 13 will start scan
[2017-07-28 22:55:07,518] [DEBUG] checking if url is available
[2017-07-28 22:55:12,389] [INFO] task ID 13 has is working
[2017-07-28 22:55:12,533] [ERROR] url connection fail, please check your input 
[2017-07-28 22:55:17,399] [INFO] task ID 13 has been done
[2017-07-28 22:55:17,403] [INFO] task ID [13] Retrieved scan data and error messages
[2017-07-29 10:46:13,457] [DEBUG] 总共有4个编码脚本
[2017-07-29 10:46:13,457] [DEBUG] [0]10hex_encode
[2017-07-29 10:46:13,458] [DEBUG] [1]16hex_encode
[2017-07-29 10:46:13,458] [DEBUG] [2]addkeywords
[2017-07-29 10:46:13,458] [DEBUG] [3]uppercase
[2017-07-29 17:34:51,293] [ERROR] 错误原因1:url，readfile至少设置一个
[2017-07-29 17:34:51,294] [ERROR] 错误原因2:url，readfile不能同时设置
[2017-07-29 17:34:51,294] [INFO] 查看帮组:python xssfork.py -h
[2017-07-29 17:35:36,633] [DEBUG] checking if url is available
[2017-07-29 17:35:36,650] [INFO] url connection success 
[2017-07-29 17:35:36,650] [DEBUG] checking if destination is available
[2017-07-29 17:35:36,650] [INFO] destination connection success 
[2017-07-29 17:35:36,650] [INFO] loading default paloads
[2017-07-29 17:35:36,652] [INFO] loading default paloads success
[2017-07-29 17:35:36,652] [INFO] 1527 payloads loaded
[2017-07-29 17:35:40,648] [CRITICAL] [!] xssfork find XSS Vulnerability
[2017-07-29 17:36:01,739] [DEBUG] checking if url is available
[2017-07-29 17:36:01,751] [INFO] url connection success 
[2017-07-29 17:36:01,751] [DEBUG] checking if destination is available
[2017-07-29 17:36:01,751] [INFO] destination connection success 
[2017-07-29 17:36:01,751] [INFO] loading default paloads
[2017-07-29 17:36:01,753] [INFO] loading default paloads success
[2017-07-29 17:36:01,753] [INFO] 1527 payloads loaded
[2017-07-29 17:36:04,923] [CRITICAL] [!] xssfork find XSS Vulnerability
[2017-07-29 17:36:18,888] [DEBUG] checking if url is available
[2017-07-29 17:36:18,901] [INFO] url connection success 
[2017-07-29 17:36:18,902] [DEBUG] checking if destination is available
[2017-07-29 17:36:18,902] [INFO] destination connection success 
[2017-07-29 17:36:18,902] [INFO] loading default paloads
[2017-07-29 17:36:18,904] [INFO] loading default paloads success
[2017-07-29 17:36:18,904] [INFO] 1527 payloads loaded
[2017-07-29 17:36:23,048] [CRITICAL] [!] xssfork find XSS Vulnerability
[2017-07-29 17:36:36,450] [DEBUG] checking if url is available
[2017-07-29 17:36:36,462] [INFO] url connection success 
[2017-07-29 17:36:36,463] [DEBUG] checking if destination is available
[2017-07-29 17:36:36,463] [INFO] destination connection success 
[2017-07-29 17:36:36,463] [INFO] loading default paloads
[2017-07-29 17:36:36,465] [INFO] loading default paloads success
[2017-07-29 17:36:36,465] [INFO] 1527 payloads loaded
[2017-07-29 17:36:47,295] [CRITICAL] [!] xssfork find XSS Vulnerability
[2017-07-29 17:37:12,505] [DEBUG] checking if url is available
[2017-07-29 17:37:12,518] [INFO] url connection success 
[2017-07-29 17:37:12,518] [DEBUG] checking if destination is available
[2017-07-29 17:37:12,518] [INFO] destination connection success 
[2017-07-29 17:37:12,518] [INFO] loading default paloads
[2017-07-29 17:37:12,520] [INFO] loading default paloads success
[2017-07-29 17:37:12,521] [INFO] 1527 payloads loaded
[2017-07-29 17:37:15,703] [CRITICAL] [!] xssfork find XSS Vulnerability
[2017-07-29 17:37:29,193] [DEBUG] checking if url is available
[2017-07-29 17:37:29,206] [INFO] url connection success 
[2017-07-29 17:37:29,206] [DEBUG] checking if destination is available
[2017-07-29 17:37:29,206] [INFO] destination connection success 
[2017-07-29 17:37:29,206] [INFO] loading default paloads
[2017-07-29 17:37:29,208] [INFO] loading default paloads success
[2017-07-29 17:37:29,208] [INFO] 1527 payloads loaded
[2017-07-29 17:37:32,383] [CRITICAL] [!] xssfork find XSS Vulnerability
[2017-07-29 18:07:59,276] [ERROR] 错误原因1:url，readfile至少设置一个
[2017-07-29 18:07:59,276] [ERROR] 错误原因2:url，readfile不能同时设置
[2017-07-29 18:07:59,277] [INFO] 查看帮组:python xssfork.py -h
[2017-07-29 18:08:10,918] [ERROR] 错误原因1:url，readfile至少设置一个
[2017-07-29 18:08:10,919] [ERROR] 错误原因2:url，readfile不能同时设置
[2017-07-29 18:08:10,919] [INFO] 查看帮组:python xssfork.py -h
